20:25:17.019 [main] INFO  team2.scaledupitpages.WomenCollectionCategoriesPage - click on cart button  on women collection categories success
20:25:21.574 [main] INFO  team2.scaledupitpages.CartPage - laptop is selected successfully from blog button
20:25:25.443 [main] INFO  team2.scaledupitpages.MainPage - click on account button success
20:25:30.141 [main] INFO  team2.scaledupitpages.MyAccountPage - click log out button success
20:25:30.247 [main] INFO  team2.scaledupitpages.MainPage - user in main page  success
20:25:32.044 [main] INFO  team2.base.CommonAPI - chrome browser open success
20:25:34.024 [main] INFO  scaledupit.ShoppingFromMenuButtonsTest - Home page  title page validation success
20:25:37.871 [main] INFO  team2.scaledupitpages.MainPage - click on account button success
20:25:37.874 [main] INFO  scaledupit.ShoppingFromMenuButtonsTest - login title page validation success
20:25:38.111 [main] INFO  team2.scaledupitpages.LoginRegisterPage - type username success
20:25:38.164 [main] INFO  team2.scaledupitpages.LoginRegisterPage - type password success
20:25:39.439 [main] INFO  team2.scaledupitpages.LoginRegisterPage - click Login button success
20:25:39.465 [main] INFO  team2.scaledupitpages.MyAccountPage - user logged in success
20:25:43.334 [main] INFO  team2.scaledupitpages.MyAccountPage - click on shop Button success
20:25:57.192 [main] INFO  team2.base.CommonAPI - Screenshot captured
20:25:58.513 [main] INFO  team2.base.CommonAPI - chrome browser open success
20:26:00.493 [main] INFO  scaledupit.ShoppingFromMenuButtonsTest - Home page  title page validation success
20:26:04.352 [main] INFO  team2.scaledupitpages.MainPage - click on account button success
20:26:04.357 [main] INFO  scaledupit.ShoppingFromMenuButtonsTest - login title page validation success
20:26:04.562 [main] INFO  team2.scaledupitpages.LoginRegisterPage - type username success
20:26:04.615 [main] INFO  team2.scaledupitpages.LoginRegisterPage - type password success
20:26:05.863 [main] INFO  team2.scaledupitpages.LoginRegisterPage - click Login button success
20:26:05.890 [main] INFO  team2.scaledupitpages.MyAccountPage - user logged in success
20:26:09.903 [main] INFO  team2.scaledupitpages.MyAccountPage - click on home button  success
20:26:12.941 [main] INFO  team2.scaledupitpages.HomeButtonPage - user in home from button  page
20:26:16.123 [main] INFO  team2.scaledupitpages.HomeButtonPage - add read laptop  to the in blog page success
20:26:17.524 [main] INFO  team2.scaledupitpages.HomeButtonPage - click on cart button  on shop page success
20:26:21.407 [main] INFO  team2.scaledupitpages.CartPage - Flying ninja is  selected  successfully from posters section  from categories
20:26:25.282 [main] INFO  team2.scaledupitpages.MainPage - click on account button success
20:26:30.040 [main] INFO  team2.scaledupitpages.MyAccountPage - click log out button success
20:26:30.623 [main] INFO  team2.scaledupitpages.MainPage - user in main page  success
20:26:32.420 [main] INFO  team2.base.CommonAPI - chrome browser open success
20:26:34.365 [main] INFO  scaledupit.ShoppingFromMenuButtonsTest - Home page  title page validation success
20:26:38.270 [main] INFO  team2.scaledupitpages.MainPage - click on account button success
20:26:38.276 [main] INFO  scaledupit.ShoppingFromMenuButtonsTest - login title page validation success
20:26:38.621 [main] INFO  team2.scaledupitpages.LoginRegisterPage - type username success
20:26:38.688 [main] INFO  team2.scaledupitpages.LoginRegisterPage - type password success
20:26:40.001 [main] INFO  team2.scaledupitpages.LoginRegisterPage - click Login button success
20:26:40.027 [main] INFO  team2.scaledupitpages.MyAccountPage - user logged in success
20:26:43.793 [main] INFO  team2.scaledupitpages.MyAccountPage - click on men collection new  button success
20:26:46.826 [main] INFO  team2.scaledupitpages.MenCollectionCategoriesPage - user in men  collection page
20:26:49.884 [main] INFO  team2.scaledupitpages.MenCollectionCategoriesPage - add belt  to the cart success
20:26:51.027 [main] INFO  team2.scaledupitpages.MenCollectionCategoriesPage - click on cart button  on men collection categories success
20:26:55.522 [main] INFO  team2.scaledupitpages.CartPage - Guitar   is selected successfully from shop button
20:26:59.380 [main] INFO  team2.scaledupitpages.MainPage - click on account button success
20:27:04.092 [main] INFO  team2.scaledupitpages.MyAccountPage - click log out button success
20:27:04.246 [main] INFO  team2.scaledupitpages.MainPage - user in main page  success
20:27:05.769 [main] INFO  team2.base.CommonAPI - chrome browser open success
20:27:07.780 [main] INFO  scaledupit.ShoppingFromMenuButtonsTest - Home page  title page validation success
20:27:11.716 [main] INFO  team2.scaledupitpages.MainPage - click on account button success
20:27:11.720 [main] INFO  scaledupit.ShoppingFromMenuButtonsTest - login title page validation success
20:27:11.960 [main] INFO  team2.scaledupitpages.LoginRegisterPage - type username success
20:27:12.025 [main] INFO  team2.scaledupitpages.LoginRegisterPage - type password success
20:27:13.442 [main] INFO  team2.scaledupitpages.LoginRegisterPage - click Login button success
20:27:13.478 [main] INFO  team2.scaledupitpages.MyAccountPage - user logged in success
20:27:17.770 [main] INFO  team2.scaledupitpages.MyAccountPage - click on shop Button success
20:27:20.805 [main] INFO  team2.scaledupitpages.ShopPage - user in shop page
20:27:23.934 [main] INFO  team2.scaledupitpages.ShopPage - add guitar  to the cart success
20:27:24.999 [main] INFO  team2.scaledupitpages.ShopPage - click on cart button  on shop page success
20:27:28.923 [main] INFO  team2.scaledupitpages.CartPage - Guitar   is selected successfully from shop button
20:27:32.821 [main] INFO  team2.scaledupitpages.MainPage - click on account button success
20:27:37.537 [main] INFO  team2.scaledupitpages.MyAccountPage - click log out button success
20:27:37.677 [main] INFO  team2.scaledupitpages.MainPage - user in main page  success
20:27:39.153 [main] INFO  team2.base.CommonAPI - chrome browser open success
20:27:41.216 [main] INFO  scaledupit.ShoppingFromMenuButtonsTest - Home page  title page validation success
20:27:45.222 [main] INFO  team2.scaledupitpages.MainPage - click on account button success
20:27:45.227 [main] INFO  scaledupit.ShoppingFromMenuButtonsTest - login title page validation success
20:27:45.562 [main] INFO  team2.scaledupitpages.LoginRegisterPage - type username success
20:27:45.637 [main] INFO  team2.scaledupitpages.LoginRegisterPage - type password success
20:27:46.931 [main] INFO  team2.scaledupitpages.LoginRegisterPage - click Login button success
20:27:46.955 [main] INFO  team2.scaledupitpages.MyAccountPage - user logged in success
20:27:50.712 [main] INFO  team2.scaledupitpages.MyAccountPage - click on women collection new button success
20:27:53.752 [main] INFO  team2.scaledupitpages.WomenCollectionCategoriesPage - user in women collection page
20:27:56.828 [main] INFO  team2.scaledupitpages.WomenCollectionCategoriesPage - add Nail polish to the cart success
20:27:57.986 [main] INFO  team2.scaledupitpages.WomenCollectionCategoriesPage - click on cart button  on women collection categories success
20:28:00.998 [main] INFO  scaledupit.ShoppingFromMenuButtonsTest -  cart page validation
20:28:01.863 [main] INFO  team2.scaledupitpages.CartPage - laptop is selected successfully from blog button
20:28:05.813 [main] INFO  team2.scaledupitpages.MainPage - click on account button success
20:28:10.530 [main] INFO  team2.scaledupitpages.MyAccountPage - click log out button success
20:28:10.662 [main] INFO  team2.scaledupitpages.MainPage - user in main page  success
20:28:12.312 [main] INFO  team2.base.CommonAPI - chrome browser open success
20:28:14.333 [main] INFO  scaledupit.ShoppingFromMenuButtonsTest - Home page  title page validation success
20:28:18.601 [main] INFO  team2.scaledupitpages.MainPage - click on account button success
20:28:18.607 [main] INFO  scaledupit.ShoppingFromMenuButtonsTest - login title page validation success
20:28:18.846 [main] INFO  team2.scaledupitpages.LoginRegisterPage - type username success
20:28:18.916 [main] INFO  team2.scaledupitpages.LoginRegisterPage - type invalidpassword success
20:28:20.287 [main] INFO  team2.scaledupitpages.LoginRegisterPage - click Login button success
20:28:20.309 [main] INFO  team2.scaledupitpages.MyAccountPage - user logged in success
20:28:24.194 [main] INFO  team2.scaledupitpages.MyAccountPage - click on shop Button success
20:28:27.217 [main] INFO  team2.scaledupitpages.ShopPage - user in shop page
20:28:30.371 [main] INFO  team2.scaledupitpages.ShopPage - add guitar  to the cart success
20:28:31.497 [main] INFO  team2.scaledupitpages.ShopPage - click on cart button  on shop page success
20:28:35.388 [main] INFO  team2.scaledupitpages.CartPage - Guitar   is selected successfully from shop button
20:28:38.405 [main] INFO  scaledupit.ShoppingFromMenuButtonsTest - Guitar page validation success
20:28:38.455 [main] INFO  team2.scaledupitpages.GuitarPage - click on submit button success
20:28:38.494 [main] INFO  team2.scaledupitpages.GuitarPage - click on Rating button success
20:28:38.573 [main] INFO  team2.scaledupitpages.GuitarPage - type review success
20:28:40.219 [main] INFO  team2.scaledupitpages.GuitarPage - click on submit button success
20:28:41.023 [main] INFO  team2.scaledupitpages.MainPage - click on account button success
20:28:45.754 [main] INFO  team2.scaledupitpages.MyAccountPage - click log out button success
20:28:45.854 [main] INFO  team2.scaledupitpages.MainPage - user in main page  success
20:28:47.255 [main] INFO  team2.base.CommonAPI - chrome browser open success
20:28:49.264 [main] INFO  scaledupit.ConnectToSocialMediaTest - Home page  title page validation success
20:28:53.231 [main] INFO  team2.scaledupitpages.MainPage - click on account button success
20:28:53.235 [main] INFO  scaledupit.ConnectToSocialMediaTest - login title page validation success
20:28:53.457 [main] INFO  team2.scaledupitpages.LoginRegisterPage - type username success
20:28:53.510 [main] INFO  team2.scaledupitpages.LoginRegisterPage - type password success
20:28:53.588 [main] INFO  team2.scaledupitpages.MainPage - click on facebook success
