19:19:32.799 [main] INFO  team2.base.CommonAPI - Screenshot captured
19:19:41.151 [main] INFO  scaledupit.UserRegistration - Home page  title page validation success
19:19:44.502 [main] INFO  team2.scaledupitpages.MainPage - click on account button success
19:19:44.965 [main] INFO  team2.base.CommonAPI - Screenshot captured
20:16:50.975 [main] INFO  team2.base.CommonAPI - chrome browser open success
20:16:53.205 [main] INFO  scaledupit.UserRegistration - Home page  title page validation success
20:16:57.219 [main] INFO  team2.scaledupitpages.MainPage - click on login registration button success
20:16:57.226 [main] INFO  scaledupit.UserRegistration - login title page validation success
20:16:57.451 [main] INFO  team2.scaledupitpages.LoginRegisterPage - type EmailAddress success
20:16:57.451 [main] INFO  scaledupit.UserRegistration - enter email success
20:16:57.536 [main] INFO  team2.scaledupitpages.LoginRegisterPage - type password success
20:16:57.537 [main] INFO  scaledupit.UserRegistration - enter password success
20:16:58.366 [main] INFO  team2.scaledupitpages.LoginRegisterPage - click Login button success
20:16:58.366 [main] INFO  scaledupit.UserRegistration - click on register button
20:16:58.478 [main] INFO  team2.scaledupitpages.LoginRegisterPage - user logged in success
20:16:58.478 [main] INFO  scaledupit.UserRegistration - user could not log in, still in log in page registration
20:17:03.376 [main] INFO  team2.base.CommonAPI - chrome browser open success
20:17:06.537 [main] INFO  team2.scaledupitpages.MainPage - click on login registration button success
20:17:06.546 [main] INFO  scaledupit.UserRegistration - login title page validation success
20:17:07.047 [main] INFO  team2.scaledupitpages.LoginRegisterPage - type EmailAddress success
20:17:07.200 [main] INFO  team2.scaledupitpages.LoginRegisterPage - type password success
20:17:08.773 [main] INFO  team2.scaledupitpages.LoginRegisterPage - click Login button success
20:17:08.800 [main] INFO  team2.scaledupitpages.MyAccountPage - user logged in success
20:17:13.697 [main] INFO  team2.scaledupitpages.MyAccountPage - click log out button success
20:17:14.021 [main] INFO  team2.scaledupitpages.MainPage - user in main page  success
20:17:15.579 [main] INFO  team2.base.CommonAPI - chrome browser open success
20:17:17.576 [main] INFO  scaledupit.LoginTest - Home page  title page validation success
20:17:18.450 [main] INFO  team2.scaledupitpages.MainPage - click on account button success
20:17:18.457 [main] INFO  scaledupit.LoginTest - login title page validation success
20:17:18.758 [main] INFO  team2.scaledupitpages.LoginRegisterPage - type invalid username success
20:17:18.758 [main] INFO  scaledupit.LoginTest - enter email success
20:17:18.836 [main] INFO  team2.scaledupitpages.LoginRegisterPage - type password success
20:17:18.836 [main] INFO  scaledupit.LoginTest - enter password success
20:17:19.666 [main] INFO  team2.scaledupitpages.LoginRegisterPage - click Login button success
20:17:19.667 [main] INFO  scaledupit.LoginTest - click on login button
20:17:19.667 [main] INFO  team2.scaledupitpages.LoginRegisterPage - error message success
20:17:19.770 [main] INFO  scaledupit.LoginTest - validate error success
20:17:19.793 [main] INFO  team2.scaledupitpages.LoginRegisterPage - user logged in success
20:17:19.793 [main] INFO  scaledupit.LoginTest - user could not log in, still in log in page registration
20:17:24.289 [main] INFO  team2.base.CommonAPI - chrome browser open success
20:17:26.260 [main] INFO  scaledupit.LoginTest - Home page  title page validation success
20:17:30.123 [main] INFO  team2.scaledupitpages.MainPage - click on account button success
20:17:30.129 [main] INFO  scaledupit.LoginTest - login title page validation success
20:17:30.388 [main] INFO  team2.scaledupitpages.LoginRegisterPage - type invalid username success
20:17:30.389 [main] INFO  scaledupit.LoginTest - enter email success
20:17:30.389 [main] INFO  scaledupit.LoginTest - password not entered
20:17:31.190 [main] INFO  team2.scaledupitpages.LoginRegisterPage - click Login button success
20:17:31.190 [main] INFO  scaledupit.LoginTest - click on login button
20:17:31.190 [main] INFO  team2.scaledupitpages.LoginRegisterPage - error message success
20:17:31.304 [main] INFO  scaledupit.LoginTest - validate error success
20:17:31.322 [main] INFO  team2.scaledupitpages.LoginRegisterPage - user logged in success
20:17:31.322 [main] INFO  scaledupit.LoginTest - user could not log in, still in log in page registration
20:17:35.756 [main] INFO  team2.base.CommonAPI - chrome browser open success
20:17:37.718 [main] INFO  scaledupit.LoginTest - Home page  title page validation success
20:17:41.556 [main] INFO  team2.scaledupitpages.MainPage - click on account button success
20:17:41.563 [main] INFO  scaledupit.LoginTest - login title page validation success
20:17:41.564 [main] INFO  scaledupit.LoginTest -  username did not entered success
20:17:41.804 [main] INFO  team2.scaledupitpages.LoginRegisterPage - type password success
20:17:41.804 [main] INFO  scaledupit.LoginTest - enter password success
20:17:42.631 [main] INFO  team2.scaledupitpages.LoginRegisterPage - click Login button success
20:17:42.631 [main] INFO  scaledupit.LoginTest - click on login button
20:17:42.632 [main] INFO  team2.scaledupitpages.LoginRegisterPage - error message success
20:17:42.741 [main] INFO  scaledupit.LoginTest - validate error success
20:17:42.760 [main] INFO  team2.scaledupitpages.LoginRegisterPage - user logged in success
20:17:42.761 [main] INFO  scaledupit.LoginTest - user could not log in, still in log in page registration
20:17:47.211 [main] INFO  team2.base.CommonAPI - chrome browser open success
20:17:49.165 [main] INFO  scaledupit.LoginTest - Home page  title page validation success
20:17:53.032 [main] INFO  team2.scaledupitpages.MainPage - click on account button success
20:17:53.037 [main] INFO  scaledupit.LoginTest - login title page validation success
20:17:53.352 [main] INFO  team2.scaledupitpages.LoginRegisterPage - type username success
20:17:53.419 [main] INFO  team2.scaledupitpages.LoginRegisterPage - type password success
20:17:54.751 [main] INFO  team2.scaledupitpages.LoginRegisterPage - click Login button success
20:17:54.778 [main] INFO  team2.scaledupitpages.MyAccountPage - user logged in success
20:17:59.284 [main] INFO  team2.base.CommonAPI - chrome browser open success
20:18:01.188 [main] INFO  scaledupit.LogoutTest - Home page  title page validation success
20:18:05.020 [main] INFO  team2.scaledupitpages.MainPage - click on account button success
20:18:05.025 [main] INFO  scaledupit.LogoutTest - login title page validation success
20:18:05.320 [main] INFO  team2.scaledupitpages.LoginRegisterPage - type username success
20:18:05.321 [main] INFO  scaledupit.LogoutTest - enter email success
20:18:05.392 [main] INFO  team2.scaledupitpages.LoginRegisterPage - type password success
20:18:05.392 [main] INFO  scaledupit.LogoutTest - enter password success
20:18:06.678 [main] INFO  team2.scaledupitpages.LoginRegisterPage - click Login button success
20:18:06.678 [main] INFO  scaledupit.LogoutTest - click on login button
20:18:06.705 [main] INFO  team2.scaledupitpages.MyAccountPage - user logged in success
20:18:06.705 [main] INFO  scaledupit.LogoutTest - user logged in success
20:18:11.406 [main] INFO  team2.scaledupitpages.MyAccountPage - click log out button success
20:18:11.407 [main] INFO  scaledupit.LogoutTest -  clicked on log out button
20:18:11.500 [main] INFO  team2.scaledupitpages.MainPage - user in main page  success
20:18:12.776 [main] INFO  team2.base.CommonAPI - chrome browser open success
20:18:14.715 [main] INFO  scaledupit.LoginTest - Home page  title page validation success
20:18:19.082 [main] INFO  team2.scaledupitpages.MainPage - click on account button success
20:18:19.087 [main] INFO  scaledupit.LoginTest - login title page validation success
20:18:19.349 [main] INFO  team2.scaledupitpages.LoginRegisterPage - type username success
20:18:19.403 [main] INFO  team2.scaledupitpages.LoginRegisterPage - type password success
20:18:20.683 [main] INFO  team2.scaledupitpages.LoginRegisterPage - click Login button success
20:18:20.710 [main] INFO  team2.scaledupitpages.MyAccountPage - user logged in success
20:18:23.770 [main] INFO  team2.scaledupitpages.MyAccountPage - item name type success
20:18:24.533 [main] INFO  team2.scaledupitpages.MyAccountPage - click search success
20:18:24.538 [main] INFO  scaledupit.LoginTest - shoes search title validation success
20:18:25.420 [main] INFO  team2.scaledupitpages.ShoesPage - click on read more success
20:18:25.425 [main] INFO  scaledupit.LoginTest - Light shoes page  title validation success
20:18:26.329 [main] INFO  team2.scaledupitpages.LightShoesPage - click on Shirt button success
20:18:27.153 [main] INFO  team2.scaledupitpages.MyAccountPage - click on cart button success
20:18:30.167 [main] INFO  scaledupit.LoginTest - cart  page  title validation success
20:18:31.091 [main] INFO  team2.scaledupitpages.CartPage - lightshoes selected  successfully appear in the cart
20:18:31.091 [main] INFO  scaledupit.LoginTest - the light shoe is added to the cart
20:18:45.019 [main] INFO  team2.base.CommonAPI - Screenshot captured
20:18:46.256 [main] INFO  team2.base.CommonAPI - chrome browser open success
20:18:48.203 [main] INFO  scaledupit.LoginTest - Home page  title page validation success
20:18:52.163 [main] INFO  team2.scaledupitpages.MainPage - click on account button success
20:18:52.167 [main] INFO  scaledupit.LoginTest - login title page validation success
20:18:52.391 [main] INFO  team2.scaledupitpages.LoginRegisterPage - type username success
20:18:52.454 [main] INFO  team2.scaledupitpages.LoginRegisterPage - type password success
20:18:53.764 [main] INFO  team2.scaledupitpages.LoginRegisterPage - click Login button success
20:18:53.791 [main] INFO  team2.scaledupitpages.MyAccountPage - user logged in success
20:18:53.791 [main] INFO  scaledupit.LoginTest - user logged in success
20:18:57.667 [main] INFO  team2.scaledupitpages.MyAccountPage - click on cart button success
20:18:57.672 [main] INFO  scaledupit.LoginTest - cart  page  title validation success
20:18:58.523 [main] INFO  team2.scaledupitpages.CartPage - lightshoes selected  successfully appear in the cart
